<?xml version="1.0" encoding="UTF-8"?>
<!-- Generated by org.testng.reporters.JUnitReportReporter -->
<testsuite hostname="DESKTOP-N6JG3JE" failures="0" tests="3" name="RegistrationTest" time="75.599" errors="0" timestamp="2020-04-30T22:23:30 EEST" skipped="0">
  <testcase classname="RegistrationTest" name="registartionTest" time="29.096"/>
  <system-out/>
  <testcase classname="RegistrationTest" name="testDoubleDate" time="20.137"/>
  <system-out/>
  <testcase classname="RegistrationTest" name="testDoubleDate" time="26.366"/>
  <system-out/>
</testsuite> <!-- RegistrationTest -->
