<?xml version="1.0" encoding="UTF-8"?>
<!-- Generated by org.testng.reporters.JUnitReportReporter -->
<testsuite hostname="DESKTOP-N6JG3JE" failures="0" tests="3" name="HomePageTest" time="50.743" errors="0" timestamp="2020-05-01T15:36:26 EEST" skipped="0">
  <testcase classname="HomePageTest" name="testDefaultRadioButton" time="15.562"/>
  <system-out/>
  <testcase classname="HomePageTest" name="testDefaultSignIn" time="16.688"/>
  <system-out/>
  <testcase classname="HomePageTest" name="testDefaultselectList" time="18.493"/>
  <system-out/>
</testsuite> <!-- HomePageTest -->
